This is pdfTeX, Version 3.14159265-2.6-1.40.20 (MiKTeX 2.9.7000 64-bit) (preloaded format=pdflatex 2019.3.28)  22 MAY 2019 21:16
entering extended mode
**./main.tex
(main.tex
LaTeX2e <2018-12-01>
("C:\Program Files\MiKTeX 2.9\tex/latex/base\book.cls"
Document Class: book 2018/09/03 v1.4i Standard LaTeX document class
("C:\Program Files\MiKTeX 2.9\tex/latex/base\bk12.clo"
File: bk12.clo 2018/09/03 v1.4i Standard LaTeX file (size option)
)
\c@part=\count80
\c@chapter=\count81
\c@section=\count82
\c@subsection=\count83
\c@subsubsection=\count84
\c@paragraph=\count85
\c@subparagraph=\count86
\c@figure=\count87
\c@table=\count88
\abovecaptionskip=\skip41
\belowcaptionskip=\skip42
\bibindent=\dimen102
) (settings.tex
("C:\Program Files\MiKTeX 2.9\tex/latex/base\inputenc.sty"
Package: inputenc 2018/08/11 v1.3c Input encoding file
\inpenc@prehook=\toks14
\inpenc@posthook=\toks15
)
("C:\Program Files\MiKTeX 2.9\tex/latex/float\float.sty"
Package: float 2001/11/08 v1.3d Float enhancements (AL)
\c@float@type=\count89
\float@exts=\toks16
\float@box=\box27
\@float@everytoks=\toks17
\@floatcapt=\box28
)
("C:\Program Files\MiKTeX 2.9\tex/latex/graphics\graphicx.sty"
Package: graphicx 2017/06/01 v1.1a Enhanced LaTeX Graphics (DPC,SPQR)

("C:\Program Files\MiKTeX 2.9\tex/latex/graphics\keyval.sty"
Package: keyval 2014/10/28 v1.15 key=value parser (DPC)
\KV@toks@=\toks18
)
("C:\Program Files\MiKTeX 2.9\tex/latex/graphics\graphics.sty"
Package: graphics 2017/06/25 v1.2c Standard LaTeX Graphics (DPC,SPQR)

("C:\Program Files\MiKTeX 2.9\tex/latex/graphics\trig.sty"
Package: trig 2016/01/03 v1.10 sin cos tan (DPC)
)
("C:\Program Files\MiKTeX 2.9\tex/latex/graphics-cfg\graphics.cfg"
File: graphics.cfg 2016/06/04 v1.11 sample graphics configuration
)
Package graphics Info: Driver file: pdftex.def on input line 99.

("C:\Program Files\MiKTeX 2.9\tex/latex/graphics-def\pdftex.def"
File: pdftex.def 2018/01/08 v1.0l Graphics/color driver for pdftex
))
\Gin@req@height=\dimen103
\Gin@req@width=\dimen104
)
("C:\Program Files\MiKTeX 2.9\tex/latex/biblatex\biblatex.sty"
Package: biblatex 2018/11/02 v3.12 programmable bibliographies (PK/MW)

("C:\Program Files\MiKTeX 2.9\tex/generic/oberdiek\pdftexcmds.sty"
Package: pdftexcmds 2018/09/10 v0.29 Utility functions of pdfTeX for LuaTeX (HO
)

("C:\Program Files\MiKTeX 2.9\tex/generic/oberdiek\infwarerr.sty"
Package: infwarerr 2016/05/16 v1.4 Providing info/warning/error messages (HO)
)
("C:\Program Files\MiKTeX 2.9\tex/generic/oberdiek\ifluatex.sty"
Package: ifluatex 2016/05/16 v1.4 Provides the ifluatex switch (HO)
Package ifluatex Info: LuaTeX not detected.
)
("C:\Program Files\MiKTeX 2.9\tex/generic/oberdiek\ltxcmds.sty"
Package: ltxcmds 2016/05/16 v1.23 LaTeX kernel commands for general use (HO)
)
("C:\Program Files\MiKTeX 2.9\tex/generic/oberdiek\ifpdf.sty"
Package: ifpdf 2018/09/07 v3.3 Provides the ifpdf switch
)
Package pdftexcmds Info: LuaTeX not detected.
Package pdftexcmds Info: \pdf@primitive is available.
Package pdftexcmds Info: \pdf@ifprimitive is available.
Package pdftexcmds Info: \pdfdraftmode found.
)
("C:\Program Files\MiKTeX 2.9\tex/latex/etoolbox\etoolbox.sty"
Package: etoolbox 2018/08/19 v2.5f e-TeX tools for LaTeX (JAW)
\etb@tempcnta=\count90
)
("C:\Program Files\MiKTeX 2.9\tex/latex/oberdiek\kvoptions.sty"
Package: kvoptions 2016/05/16 v3.12 Key value format for package options (HO)

("C:\Program Files\MiKTeX 2.9\tex/generic/oberdiek\kvsetkeys.sty"
Package: kvsetkeys 2016/05/16 v1.17 Key value parser (HO)

("C:\Program Files\MiKTeX 2.9\tex/generic/oberdiek\etexcmds.sty"
Package: etexcmds 2016/05/16 v1.6 Avoid name clashes with e-TeX commands (HO)
)))
("C:\Program Files\MiKTeX 2.9\tex/latex/logreq\logreq.sty"
Package: logreq 2010/08/04 v1.0 xml request logger
\lrq@indent=\count91

("C:\Program Files\MiKTeX 2.9\tex/latex/logreq\logreq.def"
File: logreq.def 2010/08/04 v1.0 logreq spec v1.0
))
("C:\Program Files\MiKTeX 2.9\tex/latex/base\ifthen.sty"
Package: ifthen 2014/09/29 v1.1c Standard LaTeX ifthen package (DPC)
)
("C:\Program Files\MiKTeX 2.9\tex/latex/url\url.sty"
\Urlmuskip=\muskip10
Package: url 2013/09/16  ver 3.4  Verb mode for urls, etc.
)
\c@tabx@nest=\count92
\c@listtotal=\count93
\c@listcount=\count94
\c@liststart=\count95
\c@liststop=\count96
\c@citecount=\count97
\c@citetotal=\count98
\c@multicitecount=\count99
\c@multicitetotal=\count100
\c@instcount=\count101
\c@maxnames=\count102
\c@minnames=\count103
\c@maxitems=\count104
\c@minitems=\count105
\c@citecounter=\count106
\c@maxcitecounter=\count107
\c@savedcitecounter=\count108
\c@uniquelist=\count109
\c@uniquename=\count110
\c@refsection=\count111
\c@refsegment=\count112
\c@maxextratitle=\count113
\c@maxextratitleyear=\count114
\c@maxextraname=\count115
\c@maxextradate=\count116
\c@maxextraalpha=\count117
\c@abbrvpenalty=\count118
\c@highnamepenalty=\count119
\c@lownamepenalty=\count120
\c@maxparens=\count121
\c@parenlevel=\count122
\blx@tempcnta=\count123
\blx@tempcntb=\count124
\blx@tempcntc=\count125
\blx@maxsection=\count126
\blx@maxsegment@0=\count127
\blx@notetype=\count128
\blx@parenlevel@text=\count129
\blx@parenlevel@foot=\count130
\blx@sectionciteorder@0=\count131
\blx@entrysetcounter=\count132
\labelnumberwidth=\skip43
\labelalphawidth=\skip44
\biblabelsep=\skip45
\bibitemsep=\skip46
\bibnamesep=\skip47
\bibinitsep=\skip48
\bibparsep=\skip49
\bibhang=\skip50
\blx@bcfin=\read1
\blx@bcfout=\write3
\c@mincomprange=\count133
\c@maxcomprange=\count134
\c@mincompwidth=\count135
Package biblatex Info: Trying to load biblatex default data model...
Package biblatex Info: ... file 'blx-dm.def' found.

("C:\Program Files\MiKTeX 2.9\tex/latex/biblatex\blx-dm.def"
File: blx-dm.def 2018/11/02 v3.12 biblatex localization (PK/MW)
)
Package biblatex Info: Trying to load biblatex style data model...
Package biblatex Info: ... file 'authoryear.dbx' not found.
Package biblatex Info: Trying to load biblatex custom data model...
Package biblatex Info: ... file 'biblatex-dm.cfg' not found.
\c@afterword=\count136
\c@savedafterword=\count137
\c@annotator=\count138
\c@savedannotator=\count139
\c@author=\count140
\c@savedauthor=\count141
\c@bookauthor=\count142
\c@savedbookauthor=\count143
\c@commentator=\count144
\c@savedcommentator=\count145
\c@editor=\count146
\c@savededitor=\count147
\c@editora=\count148
\c@savededitora=\count149
\c@editorb=\count150
\c@savededitorb=\count151
\c@editorc=\count152
\c@savededitorc=\count153
\c@foreword=\count154
\c@savedforeword=\count155
\c@holder=\count156
\c@savedholder=\count157
\c@introduction=\count158
\c@savedintroduction=\count159
\c@namea=\count160
\c@savednamea=\count161
\c@nameb=\count162
\c@savednameb=\count163
\c@namec=\count164
\c@savednamec=\count165
\c@translator=\count166
\c@savedtranslator=\count167
\c@shortauthor=\count168
\c@savedshortauthor=\count169
\c@shorteditor=\count170
\c@savedshorteditor=\count171
\c@labelname=\count172
\c@savedlabelname=\count173
\c@institution=\count174
\c@savedinstitution=\count175
\c@lista=\count176
\c@savedlista=\count177
\c@listb=\count178
\c@savedlistb=\count179
\c@listc=\count180
\c@savedlistc=\count181
\c@listd=\count182
\c@savedlistd=\count183
\c@liste=\count184
\c@savedliste=\count185
\c@listf=\count186
\c@savedlistf=\count187
\c@location=\count188
\c@savedlocation=\count189
\c@organization=\count190
\c@savedorganization=\count191
\c@origlocation=\count192
\c@savedoriglocation=\count193
\c@origpublisher=\count194
\c@savedorigpublisher=\count195
\c@publisher=\count196
\c@savedpublisher=\count197
\c@language=\count198
\c@savedlanguage=\count199
\c@origlanguage=\count266
\c@savedoriglanguage=\count267
\c@pageref=\count268
\c@savedpageref=\count269
\shorthandwidth=\skip51
\shortjournalwidth=\skip52
\shortserieswidth=\skip53
\shorttitlewidth=\skip54
\shortauthorwidth=\skip55
\shorteditorwidth=\skip56
\locallabelnumberwidth=\skip57
\locallabelalphawidth=\skip58
\localshorthandwidth=\skip59
\localshortjournalwidth=\skip60
\localshortserieswidth=\skip61
\localshorttitlewidth=\skip62
\localshortauthorwidth=\skip63
\localshorteditorwidth=\skip64
Package biblatex Info: Trying to load compatibility code...
Package biblatex Info: ... file 'blx-compat.def' found.

("C:\Program Files\MiKTeX 2.9\tex/latex/biblatex\blx-compat.def"
File: blx-compat.def 2018/11/02 v3.12 biblatex compatibility (PK/MW)
)
Package biblatex Info: Trying to load BibTeX backend compatibility...
Package biblatex Info: ... file 'blx-bibtex.def' found.

("C:\Program Files\MiKTeX 2.9\tex/latex/biblatex\blx-bibtex.def"
File: blx-bibtex.def 2018/11/02 v3.12 biblatex compatibility (PK/MW)


Package biblatex Warning: Using fall-back BibTeX(8) backend:
(biblatex)                functionality may be reduced/unavailable.

)
Package biblatex Info: Trying to load generic definitions...
Package biblatex Info: ... file 'biblatex.def' found.
 ("C:\Program Files\MiKTeX 2.9\tex/latex/biblatex\biblatex.def"
File: biblatex.def 2018/11/02 v3.12 biblatex compatibility (PK/MW)
\c@textcitecount=\count270
\c@textcitetotal=\count271
\c@textcitemaxnames=\count272
\c@biburlnumpenalty=\count273
\c@biburlucpenalty=\count274
\c@biburllcpenalty=\count275
\c@smartand=\count276
)
Package biblatex Info: Trying to load bibliography style 'authoryear'...
Package biblatex Info: ... file 'authoryear.bbx' found.

("C:\Program Files\MiKTeX 2.9\tex/latex/biblatex/bbx\authoryear.bbx"
File: authoryear.bbx 2018/11/02 v3.12 biblatex bibliography style (PK/MW)
Package biblatex Info: Trying to load bibliography style 'standard'...
Package biblatex Info: ... file 'standard.bbx' found.

("C:\Program Files\MiKTeX 2.9\tex/latex/biblatex/bbx\standard.bbx"
File: standard.bbx 2018/11/02 v3.12 biblatex bibliography style (PK/MW)
\c@bbx:relatedcount=\count277
\c@bbx:relatedtotal=\count278
))
Package biblatex Info: Trying to load citation style 'authoryear'...
Package biblatex Info: ... file 'authoryear.cbx' found.

("C:\Program Files\MiKTeX 2.9\tex/latex/biblatex/cbx\authoryear.cbx"
File: authoryear.cbx 2018/11/02 v3.12 biblatex citation style (PK/MW)
Package biblatex Info: Redefining '\cite'.
Package biblatex Info: Redefining '\parencite'.
Package biblatex Info: Redefining '\footcite'.
Package biblatex Info: Redefining '\footcitetext'.
Package biblatex Info: Redefining '\smartcite'.
Package biblatex Info: Redefining '\textcite'.
Package biblatex Info: Redefining '\textcites'.
)
Package biblatex Info: Trying to load configuration file...
Package biblatex Info: ... file 'biblatex.cfg' found.

("C:\Program Files\MiKTeX 2.9\tex/latex/biblatex\biblatex.cfg"
File: biblatex.cfg 
))
("C:\Program Files\MiKTeX 2.9\tex/latex/psnfss\helvet.sty"
Package: helvet 2005/04/12 PSNFSS-v9.2a (WaS) 
)
("C:\Program Files\MiKTeX 2.9\tex/latex/subfig\subfig.sty"
Package: subfig 2005/06/28 ver: 1.3 subfig package

("C:\Program Files\MiKTeX 2.9\tex/latex/caption\caption.sty"
Package: caption 2018/10/06 v3.3-154 Customizing captions (AR)

("C:\Program Files\MiKTeX 2.9\tex/latex/caption\caption3.sty"
Package: caption3 2018/09/12 v1.8c caption3 kernel (AR)
Package caption3 Info: TeX engine: e-TeX on input line 64.
\captionmargin=\dimen105
\captionmargin@=\dimen106
\captionwidth=\dimen107
\caption@tempdima=\dimen108
\caption@indent=\dimen109
\caption@parindent=\dimen110
\caption@hangindent=\dimen111
)
\c@caption@flags=\count279
\c@ContinuedFloat=\count280
Package caption Info: float package is loaded.
)
\c@KVtest=\count281
\sf@farskip=\skip65
\sf@captopadj=\dimen112
\sf@capskip=\skip66
\sf@nearskip=\skip67
\c@subfigure=\count282
\c@subfigure@save=\count283
\c@lofdepth=\count284
\c@subtable=\count285
\c@subtable@save=\count286
\c@lotdepth=\count287
\sf@top=\skip68
\sf@bottom=\skip69
)
("C:\Program Files\MiKTeX 2.9\tex/latex/fncychap\fncychap.sty"
Package: fncychap 2007/07/30 v1.34 LaTeX package (Revised chapters)
\RW=\skip70
\mylen=\skip71
\myhi=\skip72
\px=\skip73
\py=\skip74
\pyy=\skip75
\pxx=\skip76
)
("C:\Program Files\MiKTeX 2.9\tex/latex/xcolor\xcolor.sty"
Package: xcolor 2016/05/11 v2.12 LaTeX color extensions (UK)

("C:\Program Files\MiKTeX 2.9\tex/latex/graphics-cfg\color.cfg"
File: color.cfg 2016/01/02 v1.6 sample color configuration
)
Package xcolor Info: Driver file: pdftex.def on input line 225.
Package xcolor Info: Model `cmy' substituted by `cmy0' on input line 1348.
Package xcolor Info: Model `hsb' substituted by `rgb' on input line 1352.
Package xcolor Info: Model `RGB' extended on input line 1364.
Package xcolor Info: Model `HTML' substituted by `rgb' on input line 1366.
Package xcolor Info: Model `Hsb' substituted by `hsb' on input line 1367.
Package xcolor Info: Model `tHsb' substituted by `hsb' on input line 1368.
Package xcolor Info: Model `HSB' substituted by `hsb' on input line 1369.
Package xcolor Info: Model `Gray' substituted by `gray' on input line 1370.
Package xcolor Info: Model `wave' substituted by `hsb' on input line 1371.
)
("C:\Program Files\MiKTeX 2.9\tex/latex/tools\array.sty"
Package: array 2018/12/30 v2.4k Tabular extension package (FMi)
\col@sep=\dimen113
\ar@mcellbox=\box29
\extrarowheight=\dimen114
\NC@list=\toks19
\extratabsurround=\skip77
\backup@length=\skip78
\ar@cellbox=\box30
)
("C:\Program Files\MiKTeX 2.9\tex/latex/listings\listings.sty"
\lst@mode=\count288
\lst@gtempboxa=\box31
\lst@token=\toks20
\lst@length=\count289
\lst@currlwidth=\dimen115
\lst@column=\count290
\lst@pos=\count291
\lst@lostspace=\dimen116
\lst@width=\dimen117
\lst@newlines=\count292
\lst@lineno=\count293
\lst@maxwidth=\dimen118

("C:\Program Files\MiKTeX 2.9\tex/latex/listings\lstmisc.sty"
File: lstmisc.sty 2019/02/27 1.8b (Carsten Heinz)
\c@lstnumber=\count294
\lst@skipnumbers=\count295
\lst@framebox=\box32
)
("C:\Program Files\MiKTeX 2.9\tex/latex/listings\listings.cfg"
File: listings.cfg 2019/02/27 1.8b listings configuration
))
Package: listings 2019/02/27 1.8b (Carsten Heinz)

("C:\Program Files\MiKTeX 2.9\tex/latex/pdfpages\pdfpages.sty"
Package: pdfpages 2017/10/31 v0.5l Insert pages of external PDF documents (AM)

("C:\Program Files\MiKTeX 2.9\tex/latex/tools\calc.sty"
Package: calc 2017/05/25 v4.3 Infix arithmetic (KKT,FJ)
\calc@Acount=\count296
\calc@Bcount=\count297
\calc@Adimen=\dimen119
\calc@Bdimen=\dimen120
\calc@Askip=\skip79
\calc@Bskip=\skip80
LaTeX Info: Redefining \setlength on input line 80.
LaTeX Info: Redefining \addtolength on input line 81.
\calc@Ccount=\count298
\calc@Cskip=\skip81
)
("C:\Program Files\MiKTeX 2.9\tex/latex/eso-pic\eso-pic.sty"
Package: eso-pic 2018/04/12 v2.0h eso-pic (RN)

("C:\Program Files\MiKTeX 2.9\tex/generic/oberdiek\atbegshi.sty"
Package: atbegshi 2016/06/09 v1.18 At begin shipout hook (HO)
))
\AM@pagewidth=\dimen121
\AM@pageheight=\dimen122

("C:\Program Files\MiKTeX 2.9\tex/latex/pdfpages\pppdftex.def"
File: pppdftex.def 2017/10/31 v0.5l Pdfpages driver for pdfTeX (AM)
)
\AM@pagebox=\box33
\AM@global@opts=\toks21
\AM@toc@title=\toks22
\c@AM@survey=\count299
\AM@templatesizebox=\box34
))
("C:\Program Files\MiKTeX 2.9\tex/latex/appendix\appendix.sty"
Package: appendix 2009/09/02 v1.2b extra appendix facilities
\c@@pps=\count300
\c@@ppsavesec=\count301
\c@@ppsaveapp=\count302
)
Package biblatex Info: Trying to load language 'english'...
Package biblatex Info: ... file 'english.lbx' found.

("C:\Program Files\MiKTeX 2.9\tex/latex/biblatex/lbx\english.lbx"
File: english.lbx 2018/11/02 v3.12 biblatex localization (PK/MW)
)
\@quotelevel=\count303
\@quotereset=\count304
 (main.aux)
\openout1 = `main.aux'.

LaTeX Font Info:    Checking defaults for OML/cmm/m/it on input line 5.
LaTeX Font Info:    ... okay on input line 5.
LaTeX Font Info:    Checking defaults for T1/cmr/m/n on input line 5.
LaTeX Font Info:    ... okay on input line 5.
LaTeX Font Info:    Checking defaults for OT1/cmr/m/n on input line 5.
LaTeX Font Info:    ... okay on input line 5.
LaTeX Font Info:    Checking defaults for OMS/cmsy/m/n on input line 5.
LaTeX Font Info:    ... okay on input line 5.
LaTeX Font Info:    Checking defaults for OMX/cmex/m/n on input line 5.
LaTeX Font Info:    ... okay on input line 5.
LaTeX Font Info:    Checking defaults for U/cmr/m/n on input line 5.
LaTeX Font Info:    ... okay on input line 5.

("C:\Program Files\MiKTeX 2.9\tex/context/base/mkii\supp-pdf.mkii"
[Loading MPS to PDF converter (version 2006.09.02).]
\scratchcounter=\count305
\scratchdimen=\dimen123
\scratchbox=\box35
\nofMPsegments=\count306
\nofMParguments=\count307
\everyMPshowfont=\toks23
\MPscratchCnt=\count308
\MPscratchDim=\dimen124
\MPnumerator=\count309
\makeMPintoPDFobject=\count310
\everyMPtoPDFconversion=\toks24
) ("C:\Program Files\MiKTeX 2.9\tex/latex/oberdiek\epstopdf-base.sty"
Package: epstopdf-base 2016/05/15 v2.6 Base part for package epstopdf

("C:\Program Files\MiKTeX 2.9\tex/latex/oberdiek\grfext.sty"
Package: grfext 2016/05/16 v1.2 Manage graphics extensions (HO)

("C:\Program Files\MiKTeX 2.9\tex/generic/oberdiek\kvdefinekeys.sty"
Package: kvdefinekeys 2016/05/16 v1.4 Define keys (HO)
))
Package epstopdf-base Info: Redefining graphics rule for `.eps' on input line 4
38.
Package grfext Info: Graphics extension search list:
(grfext)             [.pdf,.png,.jpg,.mps,.jpeg,.jbig2,.jb2,.PDF,.PNG,.JPG,.JPE
G,.JBIG2,.JB2,.eps]
(grfext)             \AppendGraphicsExtensions on input line 456.
)
Package biblatex Info: Input encoding 'utf8' detected.
Package biblatex Info: Automatic encoding selection.
(biblatex)             Assuming data encoding 'utf8'.
Package biblatex Info: Input encoding 'utf8' specified.
Package biblatex Info: Data encoding 'utf8' specified.
(biblatex)             No need to reencode data.
\openout3 = `main-blx.bib'.

Package biblatex Info: Trying to load bibliographic data...
Package biblatex Info: ... file 'main.bbl' found.

(main.bbl

Package biblatex Warning: BibTeX reported the following issues
(biblatex)                with 'Attali2015':
(biblatex)                - Invalid format of field 'month'.


Package biblatex Warning: BibTeX reported the following issues
(biblatex)                with 'Boxwala2004':
(biblatex)                - Invalid format of field 'month'.


Package biblatex Warning: BibTeX reported the following issues
(biblatex)                with 'Cabana1999':
(biblatex)                - Invalid format of field 'month'.


Package biblatex Warning: BibTeX reported the following issues
(biblatex)                with 'Clariana2006':
(biblatex)                - Invalid format of field 'month'.


Package biblatex Warning: BibTeX reported the following issues
(biblatex)                with 'Clayton1995':
(biblatex)                - Invalid format of field 'month'.


Package biblatex Warning: BibTeX reported the following issues
(biblatex)                with 'Fervers2010':
(biblatex)                - Invalid format of field 'month'.


Package biblatex Warning: BibTeX reported the following issues
(biblatex)                with 'Guyatt2008':
(biblatex)                - Invalid format of field 'month'.


Package biblatex Warning: BibTeX reported the following issues
(biblatex)                with 'Hassenzahl2006':
(biblatex)                - Invalid format of field 'month'.


Package biblatex Warning: BibTeX reported the following issues
(biblatex)                with 'Kristensen2011':
(biblatex)                - Invalid format of field 'month'.


Package biblatex Warning: BibTeX reported the following issues
(biblatex)                with 'Kristensen2013':
(biblatex)                - Invalid format of field 'month'.


Package biblatex Warning: BibTeX reported the following issues
(biblatex)                with 'Molich1990':
(biblatex)                - Invalid format of field 'month'.


Package biblatex Warning: BibTeX reported the following issues
(biblatex)                with 'Morrison1995':
(biblatex)                - Invalid format of field 'month'.


Package biblatex Warning: BibTeX reported the following issues
(biblatex)                with 'Woolf1999':
(biblatex)                - Invalid format of field 'month'.

)
Package biblatex Info: Reference section=0 on input line 5.
Package biblatex Info: Reference segment=0 on input line 5.
Package caption Info: Begin \AtBeginDocument code.
Package caption Info: subfig package v1.3 is loaded.
Package caption Info: listings package is loaded.
Package caption Info: End \AtBeginDocument code.
\c@lstlisting=\count311
\AtBeginShipoutBox=\box36
 ("C:\Program Files\MiKTeX 2.9\tex/latex/oberdiek\pdflscape.sty"
Package: pdflscape 2016/05/14 v0.11 Display of landscape pages in PDF (HO)

("C:\Program Files\MiKTeX 2.9\tex/latex/graphics\lscape.sty"
Package: lscape 2000/10/22 v3.01 Landscape Pages (DPC)
)
Package pdflscape Info: Auto-detected driver: pdftex on input line 81.

("C:\Program Files\MiKTeX 2.9\tex/generic/ifxetex\ifxetex.sty"
Package: ifxetex 2010/09/12 v0.6 Provides ifxetex conditional
)) (titlepage.tex
LaTeX Font Info:    Try loading font information for OT1+phv on input line 41.
("C:\Program Files\MiKTeX 2.9\tex/latex/psnfss\ot1phv.fd"
File: ot1phv.fd 2001/06/04 scalable font definitions for OT1/phv.
)
<images/hvl_logo_engelsk.pdf, id=1, 739.77177pt x 327.20645pt>
File: images/hvl_logo_engelsk.pdf Graphic file (type pdf)
<use images/hvl_logo_engelsk.pdf>
Package pdftex.def Info: images/hvl_logo_engelsk.pdf  used on input line 41.
(pdftex.def)             Requested size: 250.0pt x 110.57469pt.
<images/uib-logo.pdf, id=2, 201.6333pt x 199.4652pt>
File: images/uib-logo.pdf Graphic file (type pdf)
<use images/uib-logo.pdf>
Package pdftex.def Info: images/uib-logo.pdf  used on input line 41.
(pdftex.def)             Requested size: 70.0pt x 69.24776pt.
) [1{C:/Users/Ben/AppData/Local/MiKTeX/2.9/pdftex/config/pdftex.map}


 <./images/hvl_logo_engelsk.pdf> <./images/uib-logo.pdf>] [2] [3] [4] (main.toc
LaTeX Font Info:    External font `cmex10' loaded for size
(Font)              <12> on input line 5.
LaTeX Font Info:    External font `cmex10' loaded for size
(Font)              <8> on input line 5.
LaTeX Font Info:    External font `cmex10' loaded for size
(Font)              <6> on input line 5.
 [5

])
\tf@toc=\write4
\openout4 = `main.toc'.

 [6] (introduction.tex
Chapter 1.
LaTeX Font Info:    Try loading font information for OT1+ptm on input line 1.
("C:\Program Files\MiKTeX 2.9\tex/latex/psnfss\ot1ptm.fd"
File: ot1ptm.fd 2001/06/04 font definitions for OT1/ptm.
)
LaTeX Font Info:    Try loading font information for OMS+cmr on input line 9.

("C:\Program Files\MiKTeX 2.9\tex/latex/base\omscmr.fd"
File: omscmr.fd 2014/09/29 v2.5h Standard LaTeX font definitions
)
LaTeX Font Info:    Font shape `OMS/cmr/m/n' in size <12> not available
(Font)              Font shape `OMS/cmsy/m/n' tried instead on input line 9.
 [1


]) (background.tex
[2]
Chapter 2.
[3

] [4]) [5] [6

]
Chapter 3.
(designscience.tex [7]

Package caption Warning: \label without proper reference on input line 18.
See the caption package documentation for explanation.


LaTeX Warning: Reference `fig:InteractionDesignLifeCycle' on page 8 undefined o
n input line 13.

<images/InteractionDesignLifeCycle.pdf, id=93, 696.29568pt x 451.67947pt>
File: images/InteractionDesignLifeCycle.pdf Graphic file (type pdf)
<use images/InteractionDesignLifeCycle.pdf>
Package pdftex.def Info: images/InteractionDesignLifeCycle.pdf  used on input l
ine 19.
(pdftex.def)             Requested size: 348.14699pt x 225.83917pt.

LaTeX Warning: `!h' float specifier changed to `!ht'.

[8]
<images/ConceptualPrototype.png, id=97, 803.0pt x 1284.8pt>
File: images/ConceptualPrototype.png Graphic file (type png)
<use images/ConceptualPrototype.png>
Package pdftex.def Info: images/ConceptualPrototype.png  used on input line 40.

(pdftex.def)             Requested size: 160.59715pt x 256.95544pt.


LaTeX Warning: `!h' float specifier changed to `!ht'.

[9 <./images/InteractionDesignLifeCycle.pdf>] [10 <./images/ConceptualPrototype
.png (PNG copy)>] [11] [12]

Package caption Warning: \label without proper reference on input line 112.
See the caption package documentation for explanation.


LaTeX Warning: Reference `fig:GLIFPossibleAsthma' on page 13 undefined on input
 line 101.


Package caption Warning: \label without proper reference on input line 112.
See the caption package documentation for explanation.


LaTeX Warning: Reference `fig:GLIFPossibleAsthma' on page 13 undefined on input
 line 101.


Package caption Warning: \label without proper reference on input line 112.
See the caption package documentation for explanation.


LaTeX Warning: Reference `fig:GLIFPossibleAsthma' on page 13 undefined on input
 line 103.


Package caption Warning: \label without proper reference on input line 112.
See the caption package documentation for explanation.


LaTeX Warning: Reference `fig:GLIFPossibleAsthma' on page 13 undefined on input
 line 104.

[13]

Package caption Warning: \label without proper reference on input line 112.
See the caption package documentation for explanation.


LaTeX Warning: Reference `fig:GLIFPossibleAsthma' on page 14 undefined on input
 line 106.


Package caption Warning: \label without proper reference on input line 112.
See the caption package documentation for explanation.


LaTeX Warning: Reference `fig:GLIFPossibleAsthma' on page 14 undefined on input
 line 107.

<images/GLIFPossibleAsthma.pdf, id=122, 3576.85455pt x 3466.46753pt>
File: images/GLIFPossibleAsthma.pdf Graphic file (type pdf)
<use images/GLIFPossibleAsthma.pdf>
Package pdftex.def Info: images/GLIFPossibleAsthma.pdf  used on input line 113.

(pdftex.def)             Requested size: 472.15718pt x 457.58571pt.

Overfull \hbox (82.15718pt too wide) in paragraph at lines 113--114
[][] 
 []


LaTeX Warning: `!h' float specifier changed to `!ht'.


Package caption Warning: \label without proper reference on input line 125.
See the caption package documentation for explanation.


LaTeX Warning: Reference `fig:AsbruPossibleAsthma' on page 14 undefined on inpu
t line 120.

[14]

Package caption Warning: \label without proper reference on input line 125.
See the caption package documentation for explanation.


LaTeX Warning: Reference `fig:AsbruPossibleAsthma' on page 15 undefined on inpu
t line 122.

[15 <./images/GLIFPossibleAsthma.pdf>]
<images/AsbruPossibleAsthma.png, id=137, 764.8575pt x 289.08pt>
File: images/AsbruPossibleAsthma.png Graphic file (type png)
<use images/AsbruPossibleAsthma.png>
Package pdftex.def Info: images/AsbruPossibleAsthma.png  used on input line 126
.
(pdftex.def)             Requested size: 420.67291pt x 158.99448pt.

Overfull \hbox (30.67291pt too wide) in paragraph at lines 126--127
[][] 
 []

[16 <./images/AsbruPossibleAsthma.png>]

Package caption Warning: \label without proper reference on input line 39.
See the caption package documentation for explanation.


LaTeX Warning: Reference `fig:ConseptualModel' on page 17 undefined on input li
ne 143.


Package caption Warning: \label without proper reference on input line 173.
See the caption package documentation for explanation.


LaTeX Warning: Reference `fig:SimulationTool' on page 17 undefined on input lin
e 143.


Package caption Warning: \label without proper reference on input line 149.
See the caption package documentation for explanation.


LaTeX Warning: Reference `fig:PrototypeInteractiveCPG' on page 17 undefined on 
input line 145.

<images/PrototypeInteractiveCPG.png, id=143, 533.49312pt x 393.47pt>
File: images/PrototypeInteractiveCPG.png Graphic file (type png)
<use images/PrototypeInteractiveCPG.png>
Package pdftex.def Info: images/PrototypeInteractiveCPG.png  used on input line
 150.
(pdftex.def)             Requested size: 320.09834pt x 236.0838pt.

LaTeX Warning: `!h' float specifier changed to `!ht'.


Package caption Warning: \label without proper reference on input line 157.
See the caption package documentation for explanation.


LaTeX Warning: Reference `fig:PrototypeGameCPG' on page 17 undefined on input l
ine 154.


Package caption Warning: \label without proper reference on input line 157.
See the caption package documentation for explanation.


LaTeX Warning: Reference `fig:PrototypeGameCPG' on page 17 undefined on input l
ine 154.

<images/PrototypeGameCPG.png, id=144, 1385.175pt x 2425.56187pt>
File: images/PrototypeGameCPG.png Graphic file (type png)
<use images/PrototypeGameCPG.png>
Package pdftex.def Info: images/PrototypeGameCPG.png  used on input line 158.
(pdftex.def)             Requested size: 277.03009pt x 485.10379pt.

LaTeX Warning: `!h' float specifier changed to `!ht'.

[17]

Package caption Warning: \label without proper reference on input line 173.
See the caption package documentation for explanation.


LaTeX Warning: Reference `fig:SimulationTool' on page 18 undefined on input lin
e 170.


Package caption Warning: \label without proper reference on input line 112.
See the caption package documentation for explanation.


LaTeX Warning: Reference `fig:GLIFPossibleAsthma' on page 18 undefined on input
 line 170.

[18 <./images/PrototypeInteractiveCPG.png>]

LaTeX Warning: Text page 19 contains only floats.


Overfull \vbox (3.60378pt too high) has occurred while \output is active []


[19 <./images/PrototypeGameCPG.png>]
<images/SimulationTool.pdf, id=157, 706.09978pt x 659.26544pt>
File: images/SimulationTool.pdf Graphic file (type pdf)
<use images/SimulationTool.pdf>
Package pdftex.def Info: images/SimulationTool.pdf  used on input line 174.
(pdftex.def)             Requested size: 282.4349pt x 263.70149pt.
 [20 <./images/SimulationTool.pdf>]

Package caption Warning: \label without proper reference on input line 183.
See the caption package documentation for explanation.


LaTeX Warning: Reference `fig:BlackboardingDPF' on page 21 undefined on input l
ine 180.

<images/BlackboardingDPF.png, id=182, 2915.3867pt x 817.32155pt>
File: images/BlackboardingDPF.png Graphic file (type png)
<use images/BlackboardingDPF.png>
Package pdftex.def Info: images/BlackboardingDPF.png  used on input line 184.
(pdftex.def)             Requested size: 466.4714pt x 130.77411pt.

Overfull \hbox (76.4714pt too wide) in paragraph at lines 184--185
[][] 
 []


Package caption Warning: \label without proper reference on input line 206.
See the caption package documentation for explanation.


LaTeX Warning: Reference `fig:Hassenzahl' on page 21 undefined on input line 19
8.

[21 <./images/BlackboardingDPF.png>]
<images/Hassenzahl.pdf, id=187, 401.79811pt x 368.78938pt>
File: images/Hassenzahl.pdf Graphic file (type pdf)
<use images/Hassenzahl.pdf>
Package pdftex.def Info: images/Hassenzahl.pdf  used on input line 207.
(pdftex.def)             Requested size: 265.18756pt x 243.40173pt.
 [22 <./images/Hassenzahl.pdf>]
(workshops.tex
Underfull \vbox (badness 10000) has occurred while \output is active []

 [23]
<images/workshop220219.jpg, id=209, 1939.245pt x 1090.0725pt>
File: images/workshop220219.jpg Graphic file (type jpg)
<use images/workshop220219.jpg>
Package pdftex.def Info: images/workshop220219.jpg  used on input line 22.
(pdftex.def)             Requested size: 387.84213pt x 218.01064pt.


LaTeX Warning: `!h' float specifier changed to `!ht'.


Package caption Warning: \label without proper reference on input line 31.
See the caption package documentation for explanation.


LaTeX Warning: Reference `table:QuestionsDetailLevels' on page 24 undefined on 
input line 28.

[24]
Overfull \hbox (3.42497pt too wide) in paragraph at lines 34--34
[]|\OT1/cmr/m/n/12 Level| 
 []


Overfull \hbox (3.22914pt too wide) in paragraph at lines 34--34
[]|\OT1/cmr/m/n/12 Distractions| 
 []


Underfull \hbox (badness 6001) in paragraph at lines 36--36
[]|\OT1/cmr/m/n/12 Which of the
 []


Underfull \hbox (badness 10000) in paragraph at lines 36--36
\OT1/cmr/m/n/12 fol-low-ing class
 []


Underfull \hbox (badness 10000) in paragraph at lines 36--36
\OT1/cmr/m/n/12 in-di-cated in
 []


Underfull \hbox (badness 8132) in paragraph at lines 36--36
\OT1/cmr/m/n/12 the im-me-di-ate
 []


Underfull \hbox (badness 4927) in paragraph at lines 36--36
[]|\OT1/cmr/m/n/12 Short act-
 []


Underfull \hbox (badness 10000) in paragraph at lines 36--36
\OT1/cmr/m/n/12 ing beta
 []


Underfull \hbox (badness 10000) in paragraph at lines 36--36
\OT1/cmr/m/n/12 ag-o-nists,
 []


Underfull \hbox (badness 1270) in paragraph at lines 36--36
\OT1/cmr/m/n/12 Oral cor-ti-
 []


Underfull \hbox (badness 10000) in paragraph at lines 36--36
\OT1/cmr/m/n/12 cos-teroids,
 []


Underfull \hbox (badness 10000) in paragraph at lines 36--36
\OT1/cmr/m/n/12 Anti-
 []


Underfull \hbox (badness 10000) in paragraph at lines 36--37
[]|\OT1/cmr/m/n/12 Inhaled cor-ti-
 []


Underfull \hbox (badness 10000) in paragraph at lines 36--37
\OT1/cmr/m/n/12 cos-teroids are
 []


Underfull \hbox (badness 10000) in paragraph at lines 36--37
\OT1/cmr/m/n/12 acute man-age-
 []


Underfull \hbox (badness 10000) in paragraph at lines 36--37
\OT1/cmr/m/n/12 they're in-di-
 []


Underfull \hbox (badness 10000) in paragraph at lines 36--37
\OT1/cmr/m/n/12 cated for long
 []


Underfull \hbox (badness 2269) in paragraph at lines 36--37
\OT1/cmr/m/n/12 term con-trol of
 []


Underfull \hbox (badness 7667) in paragraph at lines 38--38
\OT1/cmr/m/n/12 to be ex-pe-ri-
 []


Underfull \hbox (badness 10000) in paragraph at lines 38--38
\OT1/cmr/m/n/12 enc-ing se-vere
 []


Underfull \hbox (badness 1824) in paragraph at lines 38--38
\OT1/cmr/m/n/12 asthma and is
 []


Underfull \hbox (badness 10000) in paragraph at lines 38--38
\OT1/cmr/m/n/12 given salbu-
 []


Underfull \hbox (badness 1776) in paragraph at lines 38--38
\OT1/cmr/m/n/12 ta-mol. What
 []


Underfull \hbox (badness 10000) in paragraph at lines 38--38
\OT1/cmr/m/n/12 other med-i-ca-
 []


Overfull \hbox (0.87917pt too wide) in paragraph at lines 38--38
[]|\OT1/cmr/m/n/12 Prednisolone
 []


Overfull \hbox (3.58607pt too wide) in paragraph at lines 38--38
[]|\OT1/cmr/m/n/12 Ipratropium
 []


Underfull \hbox (badness 10000) in paragraph at lines 38--38
\OT1/cmr/m/n/12 bro-mide,
 []


Underfull \hbox (badness 1087) in paragraph at lines 38--39
\OT1/cmr/m/n/12 ways start with
 []


Underfull \hbox (badness 6396) in paragraph at lines 38--39
\OT1/cmr/m/n/12 mol and pred-
 []


Underfull \hbox (badness 2970) in paragraph at lines 38--39
\OT1/cmr/m/n/12 nisolone. The
 []


Underfull \hbox (badness 4595) in paragraph at lines 38--39
\OT1/cmr/m/n/12 the pa-tient re-
 []


Underfull \hbox (badness 10000) in paragraph at lines 40--40
[]|\OT1/cmr/m/n/12 You di-ag-nos
 []


Underfull \hbox (badness 10000) in paragraph at lines 40--40
\OT1/cmr/m/n/12 Ma-lin with
 []


Underfull \hbox (badness 10000) in paragraph at lines 40--40
\OT1/cmr/m/n/12 se-vere asthma
 []


Underfull \hbox (badness 3701) in paragraph at lines 40--40
\OT1/cmr/m/n/12 and ini-ti-ate a
 []


Underfull \hbox (badness 4217) in paragraph at lines 40--40
\OT1/cmr/m/n/12 What dose of
 []


Underfull \hbox (badness 10000) in paragraph at lines 40--40
\OT1/cmr/m/n/12 you ad-min-is-
 []


Underfull \hbox (badness 10000) in paragraph at lines 40--40
\OT1/cmr/m/n/12 ter with the
 []


Underfull \hbox (badness 10000) in paragraph at lines 40--40
[]|\OT1/cmr/m/n/12 3.5mg,
 []


Underfull \hbox (badness 10000) in paragraph at lines 40--40
\OT1/cmr/m/n/12 4.5mg,
 []


Underfull \hbox (badness 2884) in paragraph at lines 40--41
[]|\OT1/cmr/m/n/12 In the sce-nario
 []


LaTeX Warning: `!h' float specifier changed to `!ht'.


Underfull \vbox (badness 3417) has occurred while \output is active []

 [25 <./images/workshop220219.jpg>]
<images/FollowUpDependencies.pdf, id=217, 501.875pt x 220.825pt>
File: images/FollowUpDependencies.pdf Graphic file (type pdf)
<use images/FollowUpDependencies.pdf>
Package pdftex.def Info: images/FollowUpDependencies.pdf  used on input line 52
.
(pdftex.def)             Requested size: 301.12732pt x 132.496pt.


LaTeX Warning: `!h' float specifier changed to `!ht'.


Underfull \vbox (badness 10000) has occurred while \output is active []

 [26]
<images/workshop220219-2.jpg, id=221, 5171.32pt x 2906.86pt>
File: images/workshop220219-2.jpg Graphic file (type jpg)
<use images/workshop220219-2.jpg>
Package pdftex.def Info: images/workshop220219-2.jpg  used on input line 64.
(pdftex.def)             Requested size: 387.83228pt x 218.0051pt.


LaTeX Warning: `!h' float specifier changed to `!ht'.

<images/workshop220219-3.jpg, id=222, 5171.32pt x 2906.86pt>
File: images/workshop220219-3.jpg Graphic file (type jpg)
<use images/workshop220219-3.jpg>
Package pdftex.def Info: images/workshop220219-3.jpg  used on input line 69.
(pdftex.def)             Requested size: 387.83228pt x 218.0051pt.

LaTeX Warning: `!h' float specifier changed to `!ht'.

<images/workshop220219-4.jpg, id=223, 5171.32pt x 2906.86pt>
File: images/workshop220219-4.jpg Graphic file (type jpg)
<use images/workshop220219-4.jpg>
Package pdftex.def Info: images/workshop220219-4.jpg  used on input line 74.
(pdftex.def)             Requested size: 387.83228pt x 218.0051pt.

LaTeX Warning: `!h' float specifier changed to `!ht'.

[27 <./images/FollowUpDependencies.pdf>]

LaTeX Warning: Text page 28 contains only floats.

[28 <./images/workshop220219-2.jpg> <./images/workshop220219-3.jpg>]
<images/workshop220219-5.jpg, id=234, 5171.32pt x 2906.86pt>
File: images/workshop220219-5.jpg Graphic file (type jpg)
<use images/workshop220219-5.jpg>
Package pdftex.def Info: images/workshop220219-5.jpg  used on input line 94.
(pdftex.def)             Requested size: 387.83228pt x 218.0051pt.


LaTeX Warning: `!h' float specifier changed to `!ht'.

)
Underfull \vbox (badness 3417) has occurred while \output is active []

 [29 <./images/workshop220219-4.jpg>]) [30 <./images/workshop220219-5.jpg>]
Chapter 4.
(datamodels.tex

Package caption Warning: \label without proper reference on input line 15.
See the caption package documentation for explanation.


LaTeX Warning: Reference `fig:EntityGraphExcerpt' on page 31 undefined on input
 line 8.

[31

]
<images/EntityGraphExcerpt.pdf, id=245, 562.1pt x 481.8pt>
File: images/EntityGraphExcerpt.pdf Graphic file (type pdf)
<use images/EntityGraphExcerpt.pdf>
Package pdftex.def Info: images/EntityGraphExcerpt.pdf  used on input line 16.
(pdftex.def)             Requested size: 337.2626pt x 289.08221pt.


Package caption Warning: \label without proper reference on input line 25.
See the caption package documentation for explanation.


LaTeX Warning: Reference `fig:EntityGraphPatientDiagnosis' on page 32 undefined
 on input line 20.


Overfull \hbox (39.30276pt too wide) has occurred while \output is active
\OT1/cmr/m/n/12 32 \OT1/cmr/m/sl/12 CHAPTER 4.  DEVELOPING A LEARNING TOOL FOR 
HEALTH WORKERS
 []

[32 <./images/EntityGraphExcerpt.pdf>]
<images/EntityGraphPatientDiagnosis.pdf, id=254, 592.2125pt x 331.2375pt>
File: images/EntityGraphPatientDiagnosis.pdf Graphic file (type pdf)
<use images/EntityGraphPatientDiagnosis.pdf>
Package pdftex.def Info: images/EntityGraphPatientDiagnosis.pdf  used on input 
line 26.
(pdftex.def)             Requested size: 355.33023pt x 198.74402pt.


Package caption Warning: \label without proper reference on input line 33.
See the caption package documentation for explanation.


LaTeX Warning: Reference `fig:EntityGraphHistory' on page 33 undefined on input
 line 30.


Package caption Warning: \label without proper reference on input line 15.
See the caption package documentation for explanation.


LaTeX Warning: Reference `fig:EntityGraphExcerpt' on page 33 undefined on input
 line 30.

<images/EntityGraphHistory.pdf, id=255, 722.7pt x 230.8625pt>
File: images/EntityGraphHistory.pdf Graphic file (type pdf)
<use images/EntityGraphHistory.pdf>
Package pdftex.def Info: images/EntityGraphHistory.pdf  used on input line 34.
(pdftex.def)             Requested size: 433.62334pt x 138.51855pt.

Overfull \hbox (43.62334pt too wide) in paragraph at lines 34--35
[][] 
 []


LaTeX Warning: `!h' float specifier changed to `!ht'.


Package caption Warning: \label without proper reference on input line 44.
See the caption package documentation for explanation.


LaTeX Warning: Reference `fig:EntityGraphExamination' on page 33 undefined on i
nput line 38.

[33 <./images/EntityGraphPatientDiagnosis.pdf>]
<images/EntityGraphExamination.pdf, id=263, 953.5625pt x 411.5375pt>
File: images/EntityGraphExamination.pdf Graphic file (type pdf)
<use images/EntityGraphExamination.pdf>
Package pdftex.def Info: images/EntityGraphExamination.pdf  used on input line 
45.
(pdftex.def)             Requested size: 429.09917pt x 185.19016pt.

Overfull \hbox (39.09917pt too wide) in paragraph at lines 45--46
[][] 
 []


Package caption Warning: \label without proper reference on input line 70.
See the caption package documentation for explanation.


LaTeX Warning: Reference `fig:EntityGraphMedication' on page 34 undefined on in
put line 49.


Overfull \hbox (39.30276pt too wide) has occurred while \output is active
\OT1/cmr/m/n/12 34 \OT1/cmr/m/sl/12 CHAPTER 4.  DEVELOPING A LEARNING TOOL FOR 
HEALTH WORKERS
 []

[34 <./images/EntityGraphHistory.pdf> <./images/EntityGraphExamination.pdf>]
[35]
<images/EntityGraphMedication.pdf, id=278, 1013.7875pt x 712.6625pt>
File: images/EntityGraphMedication.pdf Graphic file (type pdf)
<use images/EntityGraphMedication.pdf>
Package pdftex.def Info: images/EntityGraphMedication.pdf  used on input line 7
1.
(pdftex.def)             Requested size: 456.20016pt x 320.69516pt.

Overfull \hbox (66.20016pt too wide) in paragraph at lines 71--72
[][] 
 []


Package caption Warning: \label without proper reference on input line 79.
See the caption package documentation for explanation.


LaTeX Warning: Reference `fig:RouteMethodProblem' on page 36 undefined on input
 line 75.


Overfull \hbox (39.30276pt too wide) has occurred while \output is active
\OT1/cmr/m/n/12 36 \OT1/cmr/m/sl/12 CHAPTER 4.  DEVELOPING A LEARNING TOOL FOR 
HEALTH WORKERS
 []

[36 <./images/EntityGraphMedication.pdf>]
<images/RouteMethodProblem.pdf, id=287, 1244.65pt x 351.3125pt>
File: images/RouteMethodProblem.pdf Graphic file (type pdf)
<use images/RouteMethodProblem.pdf>
Package pdftex.def Info: images/RouteMethodProblem.pdf  used on input line 80.
(pdftex.def)             Requested size: 373.39787pt x 105.39455pt.
 [37 <./images/RouteMethodProblem.pdf>]
<images/WorkflowGraph.pdf, id=296, 712.6625pt x 210.7875pt>
File: images/WorkflowGraph.pdf Graphic file (type pdf)
<use images/WorkflowGraph.pdf>
Package pdftex.def Info: images/WorkflowGraph.pdf  used on input line 96.
(pdftex.def)             Requested size: 427.6008pt x 126.47346pt.

Overfull \hbox (37.6008pt too wide) in paragraph at lines 96--97
[][] 
 []


Overfull \hbox (39.30276pt too wide) has occurred while \output is active
\OT1/cmr/m/n/12 38 \OT1/cmr/m/sl/12 CHAPTER 4.  DEVELOPING A LEARNING TOOL FOR 
HEALTH WORKERS
 []

[38 <./images/WorkflowGraph.pdf>]

Package caption Warning: \label without proper reference on input line 119.
See the caption package documentation for explanation.


LaTeX Warning: Reference `fig:MetamodelEntityGraph' on page 39 undefined on inp
ut line 112.


Package caption Warning: \label without proper reference on input line 119.
See the caption package documentation for explanation.


LaTeX Warning: Reference `fig:MetamodelEntityGraph' on page 39 undefined on inp
ut line 114.


Package caption Warning: \label without proper reference on input line 119.
See the caption package documentation for explanation.


LaTeX Warning: Reference `fig:MetamodelEntityGraph' on page 39 undefined on inp
ut line 116.


Package caption Warning: \label without proper reference on input line 33.
See the caption package documentation for explanation.


LaTeX Warning: Reference `fig:EntityGraphHistory' on page 39 undefined on input
 line 116.

<images/MetamodelEntityGraph.pdf, id=305, 1074.0125pt x 401.5pt>
File: images/MetamodelEntityGraph.pdf Graphic file (type pdf)
<use images/MetamodelEntityGraph.pdf>
Package pdftex.def Info: images/MetamodelEntityGraph.pdf  used on input line 12
0.
(pdftex.def)             Requested size: 429.59738pt x 160.59715pt.

Overfull \hbox (39.59738pt too wide) in paragraph at lines 120--121
[][] 
 []


Package caption Warning: \label without proper reference on input line 119.
See the caption package documentation for explanation.


LaTeX Warning: Reference `fig:MetamodelEntityGraph' on page 39 undefined on inp
ut line 124.


Package caption Warning: \label without proper reference on input line 129.
See the caption package documentation for explanation.


LaTeX Warning: Reference `fig:IntegratedEntityWorkflowModels' on page 39 undefi
ned on input line 126.

[39 <./images/MetamodelEntityGraph.pdf>]
<images/IntegratedEntityWorkflowModels.pdf, id=313, 1013.7875pt x 662.475pt>
File: images/IntegratedEntityWorkflowModels.pdf Graphic file (type pdf)
<use images/IntegratedEntityWorkflowModels.pdf>
Package pdftex.def Info: images/IntegratedEntityWorkflowModels.pdf  used on inp
ut line 130.
(pdftex.def)             Requested size: 405.50783pt x 264.9853pt.

Overfull \hbox (15.50783pt too wide) in paragraph at lines 130--131
[][] 
 []

) (gameengine.tex
Overfull \hbox (39.30276pt too wide) has occurred while \output is active
\OT1/cmr/m/n/12 40 \OT1/cmr/m/sl/12 CHAPTER 4.  DEVELOPING A LEARNING TOOL FOR 
HEALTH WORKERS
 []

[40 <./images/IntegratedEntityWorkflowModels.pdf>]

Package caption Warning: \label without proper reference on input line 30.
See the caption package documentation for explanation.


LaTeX Warning: Reference `fig:KnowledgeMap' on page 41 undefined on input line 
27.

[41]
<images/KnowledgeMap3.pdf, id=324, 321.2pt x 220.825pt>
File: images/KnowledgeMap3.pdf Graphic file (type pdf)
<use images/KnowledgeMap3.pdf>
Package pdftex.def Info: images/KnowledgeMap3.pdf  used on input line 31.
(pdftex.def)             Requested size: 192.72148pt x 132.496pt.


Package caption Warning: \label without proper reference on input line 38.
See the caption package documentation for explanation.


LaTeX Warning: Reference `table:ContentUnit' on page 42 undefined on input line
 35.


Overfull \hbox (23.59607pt too wide) in paragraph at lines 39--50
[][] 
 []


Package caption Warning: \label without proper reference on input line 58.
See the caption package documentation for explanation.


LaTeX Warning: Reference `fig:LearningMap' on page 42 undefined on input line 5
3.


Overfull \hbox (39.30276pt too wide) has occurred while \output is active
\OT1/cmr/m/n/12 42 \OT1/cmr/m/sl/12 CHAPTER 4.  DEVELOPING A LEARNING TOOL FOR 
HEALTH WORKERS
 []

[42 <./images/KnowledgeMap3.pdf>]
<images/LearningMap.pdf, id=332, 1003.75pt x 582.175pt>
File: images/LearningMap.pdf Graphic file (type pdf)
<use images/LearningMap.pdf>
Package pdftex.def Info: images/LearningMap.pdf  used on input line 59.
(pdftex.def)             Requested size: 451.68333pt x 261.97633pt.

Overfull \hbox (61.68333pt too wide) in paragraph at lines 59--60
[][] 
 []


Package caption Warning: \label without proper reference on input line 67.
See the caption package documentation for explanation.


LaTeX Warning: Reference `table:StudentMap' on page 43 undefined on input line 
64.

[43 <./images/LearningMap.pdf>]
Overfull \hbox (23.59607pt too wide) in paragraph at lines 68--79
[][] 
 []


Underfull \hbox (badness 2932) in paragraph at lines 92--92
[]|\OT1/cmr/m/n/12 Feedback af-
 []


Underfull \hbox (badness 10000) in paragraph at lines 92--92
[]|\OT1/cmr/m/n/12 Multiple
 []


Underfull \hbox (badness 10000) in paragraph at lines 92--92
\OT1/cmr/m/n/12 at-tempts at
 []


Underfull \hbox (badness 10000) in paragraph at lines 92--92
[]|\OT1/cmr/m/n/12 Hints on
 []


Underfull \hbox (badness 10000) in paragraph at lines 92--92
\OT1/cmr/m/n/12 wrong
 []


Underfull \hbox (badness 1616) in paragraph at lines 94--94
[]|\OT1/cmr/m/n/12 No or de-layed Feed-
 []


Overfull \hbox (77.77075pt too wide) in paragraph at lines 90--100
[][] 
 []


Overfull \hbox (39.30276pt too wide) has occurred while \output is active
\OT1/cmr/m/n/12 44 \OT1/cmr/m/sl/12 CHAPTER 4.  DEVELOPING A LEARNING TOOL FOR 
HEALTH WORKERS
 []

[44] [45]
Overfull \hbox (39.30276pt too wide) has occurred while \output is active
\OT1/cmr/m/n/12 46 \OT1/cmr/m/sl/12 CHAPTER 4.  DEVELOPING A LEARNING TOOL FOR 
HEALTH WORKERS
 []

[46] [47]
<images/EntityInstanceGraph.pdf, id=353, 923.45pt x 250.9375pt>
File: images/EntityInstanceGraph.pdf Graphic file (type pdf)
<use images/EntityInstanceGraph.pdf>
Package pdftex.def Info: images/EntityInstanceGraph.pdf  used on input line 157
.
(pdftex.def)             Requested size: 369.37346pt x 100.37321pt.
LaTeX Font Info:    Try loading font information for OML+cmr on input line 164.

 ("C:\Program Files\MiKTeX 2.9\tex/latex/base\omlcmr.fd"
File: omlcmr.fd 2014/09/29 v2.5h Standard LaTeX font definitions
)
LaTeX Font Info:    Font shape `OML/cmr/m/n' in size <12> not available
(Font)              Font shape `OML/cmm/m/it' tried instead on input line 164.

Overfull \hbox (39.30276pt too wide) has occurred while \output is active
\OT1/cmr/m/n/12 48 \OT1/cmr/m/sl/12 CHAPTER 4.  DEVELOPING A LEARNING TOOL FOR 
HEALTH WORKERS
 []

[48 <./images/EntityInstanceGraph.pdf>] [49]
<images/GeneratingScenarios1.pdf, id=366, 1104.125pt x 301.125pt>
File: images/GeneratingScenarios1.pdf Graphic file (type pdf)
<use images/GeneratingScenarios1.pdf>
Package pdftex.def Info: images/GeneratingScenarios1.pdf  used on input line 21
3.
(pdftex.def)             Requested size: 441.64218pt x 120.44786pt.

Overfull \hbox (51.64218pt too wide) in paragraph at lines 213--214
[][] 
 []

<images/GeneratingScenarios2.pdf, id=367, 813.0375pt x 170.6375pt>
File: images/GeneratingScenarios2.pdf Graphic file (type pdf)
<use images/GeneratingScenarios2.pdf>
Package pdftex.def Info: images/GeneratingScenarios2.pdf  used on input line 21
9.
(pdftex.def)             Requested size: 325.20924pt x 68.25378pt.

Overfull \hbox (39.30276pt too wide) has occurred while \output is active
\OT1/cmr/m/n/12 50 \OT1/cmr/m/sl/12 CHAPTER 4.  DEVELOPING A LEARNING TOOL FOR 
HEALTH WORKERS
 []

[50 <./images/GeneratingScenarios1.pdf> <./images/GeneratingScenarios2.pdf>]

Package caption Warning: \label without proper reference on input line 255.
See the caption package documentation for explanation.


LaTeX Warning: Reference `fig:IntegratedEntityGamelModels' on page 51 undefined
 on input line 252.

<images/IntegratedEntityGameModels.pdf, id=379, 1023.825pt x 863.225pt>
File: images/IntegratedEntityGameModels.pdf Graphic file (type pdf)
<use images/IntegratedEntityGameModels.pdf>
Package pdftex.def Info: images/IntegratedEntityGameModels.pdf  used on input l
ine 256.
(pdftex.def)             Requested size: 409.52274pt x 345.28389pt.

Overfull \hbox (19.52274pt too wide) in paragraph at lines 256--257
[][] 
 []


LaTeX Warning: `!h' float specifier changed to `!ht'.


Package caption Warning: \label without proper reference on input line 271.
See the caption package documentation for explanation.


LaTeX Warning: Reference `fig:ConceptualGameElements' on page 51 undefined on i
nput line 261.

[51]
Overfull \hbox (39.30276pt too wide) has occurred while \output is active
\OT1/cmr/m/n/12 52 \OT1/cmr/m/sl/12 CHAPTER 4.  DEVELOPING A LEARNING TOOL FOR 
HEALTH WORKERS
 []

[52 <./images/IntegratedEntityGameModels.pdf>]
<images/ConceptualModelGameElements.pdf, id=390, 1053.9375pt x 381.425pt>
File: images/ConceptualModelGameElements.pdf Graphic file (type pdf)
<use images/ConceptualModelGameElements.pdf>
Package pdftex.def Info: images/ConceptualModelGameElements.pdf  used on input 
line 272.
(pdftex.def)             Requested size: 421.56754pt x 152.56729pt.

Overfull \hbox (31.56754pt too wide) in paragraph at lines 272--273
[][] 
 []

<images/GameEngineFacadePattern.pdf, id=391, 632.3625pt x 311.1625pt>
File: images/GameEngineFacadePattern.pdf Graphic file (type pdf)
<use images/GameEngineFacadePattern.pdf>
Package pdftex.def Info: images/GameEngineFacadePattern.pdf  used on input line
 282.
(pdftex.def)             Requested size: 252.94052pt x 124.46278pt.
[53 <./images/ConceptualModelGameElements.pdf>]
Overfull \hbox (39.30276pt too wide) has occurred while \output is active
\OT1/cmr/m/n/12 54 \OT1/cmr/m/sl/12 CHAPTER 4.  DEVELOPING A LEARNING TOOL FOR 
HEALTH WORKERS
 []

[54 <./images/GameEngineFacadePattern.pdf>]
<images/KnowledgeMap2.pdf, id=407, 1063.975pt x 140.525pt>
File: images/KnowledgeMap2.pdf Graphic file (type pdf)
<use images/KnowledgeMap2.pdf>
Package pdftex.def Info: images/KnowledgeMap2.pdf  used on input line 307.
(pdftex.def)             Requested size: 425.58246pt x 56.20898pt.

Overfull \hbox (35.58246pt too wide) in paragraph at lines 307--308
[][] 
 []


Package caption Warning: \label without proper reference on input line 314.
See the caption package documentation for explanation.


LaTeX Warning: Reference `table:ProgressionGranularity' on page 55 undefined on
 input line 311.


Overfull \hbox (3.42497pt too wide) in paragraph at lines 318--318
[]|\OT1/cmr/m/n/12 Level| 
 []


Underfull \hbox (badness 1354) in paragraph at lines 322--322
[]|\OT1/cmr/m/n/12 Detailed sce-
 []


Underfull \hbox (badness 1354) in paragraph at lines 322--322
[]|\OT1/cmr/m/n/12 Detailed sce-
 []


Underfull \hbox (badness 1354) in paragraph at lines 322--322
[]|\OT1/cmr/m/n/12 Detailed sce-
 []


Underfull \hbox (badness 1354) in paragraph at lines 322--323
[]|\OT1/cmr/m/n/12 Detailed sce-
 []

[55 <./images/KnowledgeMap2.pdf>]
Overfull \hbox (39.30276pt too wide) has occurred while \output is active
\OT1/cmr/m/n/12 56 \OT1/cmr/m/sl/12 CHAPTER 4.  DEVELOPING A LEARNING TOOL FOR 
HEALTH WORKERS
 []

[56]
Overfull \hbox (0.35706pt too wide) in paragraph at lines 360--361
[]\OT1/cmr/m/n/12 The method we sug-gest for au-to-mat-i-cally gen-er-at-ing su
ch graph in-stances,
 []

[57]) (mobileapplication.tex
Overfull \hbox (39.30276pt too wide) has occurred while \output is active
\OT1/cmr/m/n/12 58 \OT1/cmr/m/sl/12 CHAPTER 4.  DEVELOPING A LEARNING TOOL FOR 
HEALTH WORKERS
 []

[58]
LaTeX Font Info:    Font shape `OMS/cmr/m/it' in size <12> not available
(Font)              Font shape `OMS/cmsy/m/n' tried instead on input line 17.


Package caption Warning: \label without proper reference on input line 22.
See the caption package documentation for explanation.


LaTeX Warning: Reference `fig:ScreenshotMain' on page 59 undefined on input lin
e 19.

<images/ScreenshotMain.png, id=425, 813.0375pt x 1391.95032pt>
File: images/ScreenshotMain.png Graphic file (type png)
<use images/ScreenshotMain.png>
Package pdftex.def Info: images/ScreenshotMain.png  used on input line 23.
(pdftex.def)             Requested size: 162.60461pt x 278.38513pt.

LaTeX Warning: `!h' float specifier changed to `!ht'.


Package caption Warning: \label without proper reference on input line 34.
See the caption package documentation for explanation.


LaTeX Warning: Reference `fig:ScreenshotLearningMap' on page 59 undefined on in
put line 27.

[59]
<images/ScreenshotLearningMap.png, id=429, 813.0375pt x 1394.20876pt>
File: images/ScreenshotLearningMap.png Graphic file (type png)
<use images/ScreenshotLearningMap.png>
Package pdftex.def Info: images/ScreenshotLearningMap.png  used on input line 3
5.
(pdftex.def)             Requested size: 162.60461pt x 278.8368pt.


LaTeX Warning: `!h' float specifier changed to `!ht'.


Package caption Warning: \label without proper reference on input line 50.
See the caption package documentation for explanation.


LaTeX Warning: Reference `fig:ScreenshotKarenAssessment' on page 60 undefined o
n input line 39.


Overfull \hbox (39.30276pt too wide) has occurred while \output is active
\OT1/cmr/m/n/12 60 \OT1/cmr/m/sl/12 CHAPTER 4.  DEVELOPING A LEARNING TOOL FOR 
HEALTH WORKERS
 []

[60 <./images/ScreenshotMain.png>]
<images/ScreenshotKarenAssessment.png, id=434, 1668.17041pt x 1393.99144pt>
File: images/ScreenshotKarenAssessment.png Graphic file (type png)
<use images/ScreenshotKarenAssessment.png>
Package pdftex.def Info: images/ScreenshotKarenAssessment.png  used on input li
ne 51.
(pdftex.def)             Requested size: 333.62817pt x 278.79335pt.


LaTeX Warning: `!h' float specifier changed to `!ht'.


Package caption Warning: \label without proper reference on input line 58.
See the caption package documentation for explanation.


LaTeX Warning: Reference `fig:ScreenshotKarenDiagnosis' on page 61 undefined on
 input line 55.

[61 <./images/ScreenshotLearningMap.png>]
<images/ScreenshotKarenDiagnosis.png, id=440, 1668.17041pt x 1393.99144pt>
File: images/ScreenshotKarenDiagnosis.png Graphic file (type png)
<use images/ScreenshotKarenDiagnosis.png>
Package pdftex.def Info: images/ScreenshotKarenDiagnosis.png  used on input lin
e 59.
(pdftex.def)             Requested size: 333.62817pt x 278.79335pt.


LaTeX Warning: `!h' float specifier changed to `!ht'.


Package caption Warning: \label without proper reference on input line 65.
See the caption package documentation for explanation.


LaTeX Warning: Reference `fig:ScreenshotKarenManagement' on page 62 undefined o
n input line 63.

<images/ScreenshotKarenManagement.png, id=441, 1668.17041pt x 1393.99144pt>
File: images/ScreenshotKarenManagement.png Graphic file (type png)
<use images/ScreenshotKarenManagement.png>
Package pdftex.def Info: images/ScreenshotKarenManagement.png  used on input li
ne 66.
(pdftex.def)             Requested size: 333.62817pt x 278.79335pt.

LaTeX Warning: `!h' float specifier changed to `!ht'.


Package caption Warning: \label without proper reference on input line 77.
See the caption package documentation for explanation.


LaTeX Warning: Reference `fig:ScreenshotKarenFollowUp' on page 62 undefined on 
input line 70.


Overfull \hbox (39.30276pt too wide) has occurred while \output is active
\OT1/cmr/m/n/12 62 \OT1/cmr/m/sl/12 CHAPTER 4.  DEVELOPING A LEARNING TOOL FOR 
HEALTH WORKERS
 []

[62 <./images/ScreenshotKarenAssessment.png>]
<images/ScreenshotKarenFollowUp.png, id=446, 2517.52917pt x 1393.99144pt>
File: images/ScreenshotKarenFollowUp.png Graphic file (type png)
<use images/ScreenshotKarenFollowUp.png>
Package pdftex.def Info: images/ScreenshotKarenFollowUp.png  used on input line
 78.
(pdftex.def)             Requested size: 503.49692pt x 278.79335pt.

Overfull \hbox (113.49692pt too wide) in paragraph at lines 78--79
[][] 
 []


LaTeX Warning: `!h' float specifier changed to `!ht'.


Package caption Warning: \label without proper reference on input line 85.
See the caption package documentation for explanation.


LaTeX Warning: Reference `fig:ScreenshotLearningMapUpdated' on page 63 undefine
d on input line 82.

<images/ScreenshotLearningMapUpdated.png, id=447, 813.0375pt x 1392.70313pt>
File: images/ScreenshotLearningMapUpdated.png Graphic file (type png)
<use images/ScreenshotLearningMapUpdated.png>
Package pdftex.def Info: images/ScreenshotLearningMapUpdated.png  used on input
 line 86.
(pdftex.def)             Requested size: 162.60461pt x 278.53569pt.

LaTeX Warning: `!h' float specifier changed to `!ht'.


Package caption Warning: \label without proper reference on input line 99.
See the caption package documentation for explanation.


LaTeX Warning: Reference `fig:ScreenshotHighCharts' on page 63 undefined on inp
ut line 90.

[63 <./images/ScreenshotKarenDiagnosis.png>]
<images/ScreenshotHighCharts.png, id=452, 813.0375pt x 1393.45593pt>
File: images/ScreenshotHighCharts.png Graphic file (type png)
<use images/ScreenshotHighCharts.png>
Package pdftex.def Info: images/ScreenshotHighCharts.png  used on input line 10
0.
(pdftex.def)             Requested size: 162.60461pt x 278.68625pt.


LaTeX Warning: `!h' float specifier changed to `!ht'.

)
Underfull \vbox (badness 10000) has occurred while \output is active []


Overfull \hbox (39.30276pt too wide) has occurred while \output is active
\OT1/cmr/m/n/12 64 \OT1/cmr/m/sl/12 CHAPTER 4.  DEVELOPING A LEARNING TOOL FOR 
HEALTH WORKERS
 []

[64 <./images/ScreenshotKarenManagement.png>] [65 <./images/ScreenshotKarenFoll
owUp.png>]
Overfull \hbox (39.30276pt too wide) has occurred while \output is active
\OT1/cmr/m/n/12 66 \OT1/cmr/m/sl/12 CHAPTER 4.  DEVELOPING A LEARNING TOOL FOR 
HEALTH WORKERS
 []

[66 <./images/ScreenshotLearningMapUpdated.png>] [67 <./images/ScreenshotHighCh
arts.png>]
Overfull \hbox (39.30276pt too wide) has occurred while \output is active
\OT1/cmr/m/n/12 68 \OT1/cmr/m/sl/12 CHAPTER 4.  DEVELOPING A LEARNING TOOL FOR 
HEALTH WORKERS
 []

[68

]
Chapter 5.
(evaluation.tex [69]

Package caption Warning: \label without proper reference on input line 15.
See the caption package documentation for explanation.


LaTeX Warning: Reference `fig:PneumoniaEntityGraph' on page 70 undefined on inp
ut line 6.

<images/PneumoniaEntityGraph.pdf, id=476, 1104.125pt x 963.6pt>
File: images/PneumoniaEntityGraph.pdf Graphic file (type pdf)
<use images/PneumoniaEntityGraph.pdf>
Package pdftex.def Info: images/PneumoniaEntityGraph.pdf  used on input line 16
.
(pdftex.def)             Requested size: 364.36238pt x 317.98898pt.

LaTeX Warning: `!h' float specifier changed to `!ht'.


Package caption Warning: \label without proper reference on input line 95.
See the caption package documentation for explanation.


LaTeX Warning: Reference `fig:WorkflowGraph' on page 70 undefined on input line
 20.

[70] [71 <./images/PneumoniaEntityGraph.pdf>]

Package caption Warning: \label without proper reference on input line 24.
See the caption package documentation for explanation.


LaTeX Warning: Reference `fig:PneumoniaPneumoniaIntegratedEntityWorkflowModels'
 on page 72 undefined on input line 22.

<images/PneumoniaIntegratedEntityWorkflowModels.pdf, id=487, 1033.8625pt x 833.
1125pt>
File: images/PneumoniaIntegratedEntityWorkflowModels.pdf Graphic file (type pdf
)
<use images/PneumoniaIntegratedEntityWorkflowModels.pdf>
Package pdftex.def Info: images/PneumoniaIntegratedEntityWorkflowModels.pdf  us
ed on input line 25.
(pdftex.def)             Requested size: 413.53767pt x 333.23909pt.

Overfull \hbox (23.53767pt too wide) in paragraph at lines 25--26
[][] 
 []

[72 <./images/PneumoniaIntegratedEntityWorkflowModels.pdf>]) [73] [74

]
Chapter 6.
[75] [76

]
Overfull \hbox (5.46484pt too wide) in paragraph at lines 87--87
\OT1/cmr/m/n/12 computer-interpretable clin-i-cal prac-tice guide-lines''. In: 
\OT1/cmr/m/it/12 Jour-nal of Biomed-
 []


Overfull \hbox (32.62881pt too wide) in paragraph at lines 87--87
\OT1/cmr/m/it/12 in-for-mat-ics \OT1/cmr/m/n/12 139, pp. 22{43. \OT1/cmr/m/sc/1
2 issn\OT1/cmr/m/n/12 : 0926-9630. \OT1/cmr/m/sc/12 url\OT1/cmr/m/n/12 : $\OT1/
cmtt/m/n/12 https : / / www . researchgate .
 []


Overfull \hbox (47.52502pt too wide) in paragraph at lines 87--87
\OT1/cmtt/m/n/12 net / publication / 23271685{\ _ }From{\ _ }guidelines{\ _ }to
{\ _ }careflows{\ _
 []

[77

]
Overfull \hbox (2.18968pt too wide) in paragraph at lines 87--87
\OT1/cmr/m/n/12 ease. \OT1/cmr/m/sc/12 url\OT1/cmr/m/n/12 : $\OT1/cmtt/m/n/12 h
ttp : / / apps . who . int / medicinedocs / documents / s21973en /
 []

[78]
Overfull \hbox (5.16568pt too wide) in paragraph at lines 87--87
\OT1/cmr/m/n/12 logue''. In: \OT1/cmr/m/it/12 Com-mu-ni-ca-tions of the ACM \OT
1/cmr/m/n/12 33.3, pp. 338{348. \OT1/cmr/m/sc/12 issn\OT1/cmr/m/n/12 : 00010782
.
 []

[79]
Overfull \hbox (16.64684pt too wide) in paragraph at lines 87--87
[][]\OT1/cmr/m/n/12 ReduxJS-thunk. \OT1/cmr/m/it/12 reduxjs/redux-thunk: Thunk 
mid-dle-ware for Re-dux\OT1/cmr/m/n/12 . \OT1/cmr/m/sc/12 url\OT1/cmr/m/n/12 : 
$\OT1/cmtt/m/n/12 https :
 []

[80]
<appendices/comparisonApps.pdf, id=523, 597.53635pt x 845.04686pt>
File: appendices/comparisonApps.pdf Graphic file (type pdf)
<use appendices/comparisonApps.pdf>
Package pdftex.def Info: appendices/comparisonApps.pdf  used on input line 93.
(pdftex.def)             Requested size: 597.53488pt x 845.0448pt.
File: appendices/comparisonApps.pdf Graphic file (type pdf)
<use appendices/comparisonApps.pdf>
Package pdftex.def Info: appendices/comparisonApps.pdf  used on input line 93.
(pdftex.def)             Requested size: 597.53488pt x 845.0448pt.
File: appendices/comparisonApps.pdf Graphic file (type pdf)
<use appendices/comparisonApps.pdf>
Package pdftex.def Info: appendices/comparisonApps.pdf  used on input line 93.
(pdftex.def)             Requested size: 597.53488pt x 845.0448pt.
File: appendices/comparisonApps.pdf Graphic file (type pdf)
<use appendices/comparisonApps.pdf>
Package pdftex.def Info: appendices/comparisonApps.pdf  used on input line 93.
(pdftex.def)             Requested size: 597.53488pt x 845.0448pt.
File: appendices/comparisonApps.pdf Graphic file (type pdf)
<use appendices/comparisonApps.pdf>
Package pdftex.def Info: appendices/comparisonApps.pdf  used on input line 93.
(pdftex.def)             Requested size: 597.53488pt x 845.0448pt.
File: appendices/comparisonApps.pdf Graphic file (type pdf)
<use appendices/comparisonApps.pdf>
Package pdftex.def Info: appendices/comparisonApps.pdf  used on input line 93.
(pdftex.def)             Requested size: 597.53488pt x 845.0448pt.
File: appendices/comparisonApps.pdf Graphic file (type pdf)
<use appendices/comparisonApps.pdf>
Package pdftex.def Info: appendices/comparisonApps.pdf  used on input line 93.
(pdftex.def)             Requested size: 597.53488pt x 845.0448pt.
File: appendices/comparisonApps.pdf Graphic file (type pdf)
<use appendices/comparisonApps.pdf>
Package pdftex.def Info: appendices/comparisonApps.pdf  used on input line 93.
(pdftex.def)             Requested size: 597.53488pt x 845.0448pt.
<appendices/comparisonApps.pdf, id=532, page=1, 597.53635pt x 845.04686pt>
File: appendices/comparisonApps.pdf Graphic file (type pdf)
<use appendices/comparisonApps.pdf, page 1>
Package pdftex.def Info: appendices/comparisonApps.pdf , page1 used on input li
ne 93.
(pdftex.def)             Requested size: 597.53488pt x 845.0448pt.
File: appendices/comparisonApps.pdf Graphic file (type pdf)
<use appendices/comparisonApps.pdf, page 1>
Package pdftex.def Info: appendices/comparisonApps.pdf , page1 used on input li
ne 93.
(pdftex.def)             Requested size: 597.56223pt x 845.08348pt.
 [81

]
File: appendices/comparisonApps.pdf Graphic file (type pdf)
<use appendices/comparisonApps.pdf, page 1>
Package pdftex.def Info: appendices/comparisonApps.pdf , page1 used on input li
ne 93.
(pdftex.def)             Requested size: 597.56223pt x 845.08348pt.
File: appendices/comparisonApps.pdf Graphic file (type pdf)
<use appendices/comparisonApps.pdf, page 1>
Package pdftex.def Info: appendices/comparisonApps.pdf , page1 used on input li
ne 93.
(pdftex.def)             Requested size: 597.56223pt x 845.08348pt.
File: appendices/comparisonApps.pdf Graphic file (type pdf)
<use appendices/comparisonApps.pdf, page 1>
Package pdftex.def Info: appendices/comparisonApps.pdf , page1 used on input li
ne 93.
(pdftex.def)             Requested size: 597.56223pt x 845.08348pt.
 [82 <./appendices/comparisonApps.pdf>]
<appendices/comparisonApps.pdf, id=556, page=2, 597.53635pt x 845.04686pt>
File: appendices/comparisonApps.pdf Graphic file (type pdf)
<use appendices/comparisonApps.pdf, page 2>
Package pdftex.def Info: appendices/comparisonApps.pdf , page2 used on input li
ne 93.
(pdftex.def)             Requested size: 597.56223pt x 845.08348pt.
File: appendices/comparisonApps.pdf Graphic file (type pdf)
<use appendices/comparisonApps.pdf, page 2>
Package pdftex.def Info: appendices/comparisonApps.pdf , page2 used on input li
ne 93.
(pdftex.def)             Requested size: 597.56223pt x 845.08348pt.
File: appendices/comparisonApps.pdf Graphic file (type pdf)
<use appendices/comparisonApps.pdf, page 2>
Package pdftex.def Info: appendices/comparisonApps.pdf , page2 used on input li
ne 93.
(pdftex.def)             Requested size: 597.56223pt x 845.08348pt.
 [83 <./appendices/comparisonApps.pdf>]
<appendices/comparisonApps.pdf, id=561, page=3, 597.53635pt x 845.04686pt>
File: appendices/comparisonApps.pdf Graphic file (type pdf)
<use appendices/comparisonApps.pdf, page 3>
Package pdftex.def Info: appendices/comparisonApps.pdf , page3 used on input li
ne 93.
(pdftex.def)             Requested size: 597.56223pt x 845.08348pt.
File: appendices/comparisonApps.pdf Graphic file (type pdf)
<use appendices/comparisonApps.pdf, page 3>
Package pdftex.def Info: appendices/comparisonApps.pdf , page3 used on input li
ne 93.
(pdftex.def)             Requested size: 597.56223pt x 845.08348pt.
File: appendices/comparisonApps.pdf Graphic file (type pdf)
<use appendices/comparisonApps.pdf, page 3>
Package pdftex.def Info: appendices/comparisonApps.pdf , page3 used on input li
ne 93.
(pdftex.def)             Requested size: 597.56223pt x 845.08348pt.
 [84 <./appendices/comparisonApps.pdf>]
<appendices/comparisonApps.pdf, id=566, page=4, 597.53635pt x 845.04686pt>
File: appendices/comparisonApps.pdf Graphic file (type pdf)
<use appendices/comparisonApps.pdf, page 4>
Package pdftex.def Info: appendices/comparisonApps.pdf , page4 used on input li
ne 93.
(pdftex.def)             Requested size: 597.56223pt x 845.08348pt.
File: appendices/comparisonApps.pdf Graphic file (type pdf)
<use appendices/comparisonApps.pdf, page 4>
Package pdftex.def Info: appendices/comparisonApps.pdf , page4 used on input li
ne 93.
(pdftex.def)             Requested size: 597.56223pt x 845.08348pt.
File: appendices/comparisonApps.pdf Graphic file (type pdf)
<use appendices/comparisonApps.pdf, page 4>
Package pdftex.def Info: appendices/comparisonApps.pdf , page4 used on input li
ne 93.
(pdftex.def)             Requested size: 597.56223pt x 845.08348pt.
 [85 <./appendices/comparisonApps.pdf>]
<appendices/comparisonApps.pdf, id=572, page=5, 597.53635pt x 845.04686pt>
File: appendices/comparisonApps.pdf Graphic file (type pdf)
<use appendices/comparisonApps.pdf, page 5>
Package pdftex.def Info: appendices/comparisonApps.pdf , page5 used on input li
ne 93.
(pdftex.def)             Requested size: 597.56223pt x 845.08348pt.
File: appendices/comparisonApps.pdf Graphic file (type pdf)
<use appendices/comparisonApps.pdf, page 5>
Package pdftex.def Info: appendices/comparisonApps.pdf , page5 used on input li
ne 93.
(pdftex.def)             Requested size: 597.56223pt x 845.08348pt.
File: appendices/comparisonApps.pdf Graphic file (type pdf)
<use appendices/comparisonApps.pdf, page 5>
Package pdftex.def Info: appendices/comparisonApps.pdf , page5 used on input li
ne 93.
(pdftex.def)             Requested size: 597.56223pt x 845.08348pt.
 [86 <./appendices/comparisonApps.pdf>]
<appendices/comparisonApps.pdf, id=577, page=6, 597.53635pt x 845.04686pt>
File: appendices/comparisonApps.pdf Graphic file (type pdf)
<use appendices/comparisonApps.pdf, page 6>
Package pdftex.def Info: appendices/comparisonApps.pdf , page6 used on input li
ne 93.
(pdftex.def)             Requested size: 597.56223pt x 845.08348pt.
File: appendices/comparisonApps.pdf Graphic file (type pdf)
<use appendices/comparisonApps.pdf, page 6>
Package pdftex.def Info: appendices/comparisonApps.pdf , page6 used on input li
ne 93.
(pdftex.def)             Requested size: 597.56223pt x 845.08348pt.
File: appendices/comparisonApps.pdf Graphic file (type pdf)
<use appendices/comparisonApps.pdf, page 6>
Package pdftex.def Info: appendices/comparisonApps.pdf , page6 used on input li
ne 93.
(pdftex.def)             Requested size: 597.56223pt x 845.08348pt.
 [87 <./appendices/comparisonApps.pdf>]
<appendices/comparisonApps.pdf, id=582, page=7, 597.53635pt x 845.04686pt>
File: appendices/comparisonApps.pdf Graphic file (type pdf)
<use appendices/comparisonApps.pdf, page 7>
Package pdftex.def Info: appendices/comparisonApps.pdf , page7 used on input li
ne 93.
(pdftex.def)             Requested size: 597.56223pt x 845.08348pt.
File: appendices/comparisonApps.pdf Graphic file (type pdf)
<use appendices/comparisonApps.pdf, page 7>
Package pdftex.def Info: appendices/comparisonApps.pdf , page7 used on input li
ne 93.
(pdftex.def)             Requested size: 597.56223pt x 845.08348pt.
File: appendices/comparisonApps.pdf Graphic file (type pdf)
<use appendices/comparisonApps.pdf, page 7>
Package pdftex.def Info: appendices/comparisonApps.pdf , page7 used on input li
ne 93.
(pdftex.def)             Requested size: 597.56223pt x 845.08348pt.
 [88 <./appendices/comparisonApps.pdf>] (main.aux)

LaTeX Warning: There were undefined references.

Package logreq Info: Writing requests to 'main.run.xml'.
\openout1 = `main.run.xml'.

 ) 
Here is how much of TeX's memory you used:
 13252 strings out of 492945
 230754 string characters out of 3135519
 514808 words of memory out of 3000000
 16921 multiletter control sequences out of 15000+200000
 18900 words of font info for 45 fonts, out of 3000000 for 9000
 1141 hyphenation exceptions out of 8191
 51i,18n,70p,1462b,1753s stack positions out of 5000i,500n,10000p,200000b,50000s
{C:/Program Files/MiKTeX 2.9/fonts/enc/dvips/base/8r.enc}<C:/Program Files/Mi
KTeX 2.9/fonts/type1/public/amsfonts/cm/cmbx12.pfb><C:/Program Files/MiKTeX 2.9
/fonts/type1/public/amsfonts/cm/cmcsc10.pfb><C:/Program Files/MiKTeX 2.9/fonts/
type1/public/amsfonts/cm/cmmi12.pfb><C:/Program Files/MiKTeX 2.9/fonts/type1/pu
blic/amsfonts/cm/cmr12.pfb><C:/Program Files/MiKTeX 2.9/fonts/type1/public/amsf
onts/cm/cmr17.pfb><C:/Program Files/MiKTeX 2.9/fonts/type1/public/amsfonts/cm/c
msl12.pfb><C:/Program Files/MiKTeX 2.9/fonts/type1/public/amsfonts/cm/cmsy10.pf
b><C:/Program Files/MiKTeX 2.9/fonts/type1/public/amsfonts/cm/cmti12.pfb><C:/Pr
ogram Files/MiKTeX 2.9/fonts/type1/public/amsfonts/cm/cmtt12.pfb><C:/Program Fi
les/MiKTeX 2.9/fonts/type1/urw/helvetic/uhvr8a.pfb><C:/Program Files/MiKTeX 2.9
/fonts/type1/urw/times/utmr8a.pfb>
Output written on main.pdf (94 pages, 7673147 bytes).
PDF statistics:
 626 PDF objects out of 1000 (max. 8388607)
 0 named destinations out of 1000 (max. 500000)
 306 words of extra memory for PDF output out of 10000 (max. 10000000)

